빌드 시작: 2015-10-26 오후 2:39:17
     1>2 노드의 "C:\Users\katsu\Desktop\최종본\Recognition -v2.0\Recognition -v2.0\Recognition\Recognition\Recognition.vcxproj" 프로젝트(Build 대상)입니다.
     1>ClCompile:
         C:\Program Files (x86)\Microsoft Visual Studio 12.0\VC\bin\x86_amd64\CL.exe /c /Zi /nologo /W3 /WX- /sdl /O2 /Oi /GL /D _CRT_SECURE_NO_WARNINGS /D _MBCS /Gm- /EHsc /MD /GS /Gy /fp:precise /Zc:wchar_t /Zc:forScope /Fo"x64\Release\\" /Fd"x64\Release\vc120.pdb" /Gd /TP /errorReport:prompt Main.cpp
         Main.cpp
     1>c:\users\katsu\desktop\opencv\build\include\opencv2\flann\dist.h : warning C4819: 현재 코드 페이지(949)에서 표시할 수 없는 문자가 파일에 들어 있습니다. 데이터가 손실되지 않게 하려면 해당 파일을 유니코드 형식으로 저장하십시오.
     1>Main.cpp(95): warning C4244: '초기화 중' : 'double'에서 'float'(으)로 변환하면서 데이터가 손실될 수 있습니다.
     1>Main.cpp(227): warning C4267: '초기화 중' : 'size_t'에서 'int'(으)로 변환하면서 데이터가 손실될 수 있습니다.
     1>Main.cpp(831): warning C4244: '=' : 'double'에서 'float'(으)로 변환하면서 데이터가 손실될 수 있습니다.
     1>Main.cpp(832): warning C4244: '=' : 'double'에서 'float'(으)로 변환하면서 데이터가 손실될 수 있습니다.
     1>Main.cpp(839): warning C4244: '=' : 'double'에서 'float'(으)로 변환하면서 데이터가 손실될 수 있습니다.
     1>Main.cpp(840): warning C4244: '=' : 'double'에서 'float'(으)로 변환하면서 데이터가 손실될 수 있습니다.
     1>Main.cpp(846): warning C4244: '=' : 'double'에서 'float'(으)로 변환하면서 데이터가 손실될 수 있습니다.
     1>Main.cpp(847): warning C4244: '=' : 'double'에서 'float'(으)로 변환하면서 데이터가 손실될 수 있습니다.
     1>Main.cpp(860): warning C4244: '인수' : 'float'에서 'int'(으)로 변환하면서 데이터가 손실될 수 있습니다.
     1>Main.cpp(889): warning C4267: '인수' : 'size_t'에서 'int'(으)로 변환하면서 데이터가 손실될 수 있습니다.
       Link:
         C:\Program Files (x86)\Microsoft Visual Studio 12.0\VC\bin\x86_amd64\link.exe /ERRORREPORT:PROMPT /OUT:"C:\Users\katsu\Desktop\최종본\Recognition -v2.0\Recognition -v2.0\Recognition\x64\Release\Recognition.exe" /NOLOGO kinect20.lib opencv_core245.lib opencv_highgui245.lib opencv_imgproc245.lib Winmm.lib Ws2_32.lib kernel32.lib user32.lib gdi32.lib winspool.lib comdlg32.lib advapi32.lib shell32.lib ole32.lib oleaut32.lib uuid.lib odbc32.lib odbccp32.lib /MANIFEST /MANIFESTUAC:"level='asInvoker' uiAccess='false'" /manifest:embed /DEBUG /PDB:"C:\Users\katsu\Desktop\최종본\Recognition -v2.0\Recognition -v2.0\Recognition\x64\Release\Recognition.pdb" /OPT:REF /OPT:ICF /LTCG /TLBID:1 /DYNAMICBASE /NXCOMPAT /IMPLIB:"C:\Users\katsu\Desktop\최종본\Recognition -v2.0\Recognition -v2.0\Recognition\x64\Release\Recognition.lib" /MACHINE:X64 "x64\Release\1$Recognizer.obj"
         x64\Release\KeyPrint.obj
         x64\Release\LineSegment.obj
         x64\Release\PatternMatch.obj
         x64\Release\Main.obj
         코드를 생성하고 있습니다.
         코드를 생성했습니다.
     1>LINK : warning LNK4039: /SECTION 옵션으로 지정된 '.SHAREDATA' 섹션이 없습니다.
         Recognition.vcxproj -> C:\Users\katsu\Desktop\최종본\Recognition -v2.0\Recognition -v2.0\Recognition\x64\Release\Recognition.exe
     1>"C:\Users\katsu\Desktop\최종본\Recognition -v2.0\Recognition -v2.0\Recognition\Recognition\Recognition.vcxproj" 프로젝트를 빌드했습니다(Build 대상).

빌드했습니다.

경과 시간: 00:00:02.93
