c:\users\user\desktop\recognition -v1.0\recognition\recognition\x64\debug\vc120.pdb
c:\users\user\desktop\recognition -v1.0\recognition\recognition\x64\debug\main.obj
c:\users\user\desktop\recognition -v1.0\recognition\recognition\x64\debug\patternmatch.obj
c:\users\user\desktop\recognition -v1.0\recognition\recognition\x64\debug\linesegment.obj
c:\users\user\desktop\recognition -v1.0\recognition\recognition\x64\debug\keyprint.obj
c:\users\user\desktop\recognition -v1.0\recognition\recognition\x64\debug\fingertracker.obj
c:\users\user\desktop\recognition -v1.0\recognition\recognition\x64\debug\bloblabeling.obj
c:\users\user\desktop\recognition -v1.0\recognition\recognition\x64\debug\1$recognizer.obj
c:\users\user\desktop\recognition -v1.2\recognition\recognition\x64\debug\vc120.pdb
c:\users\user\desktop\recognition -v1.2\recognition\recognition\x64\debug\patternmatch.obj
c:\users\user\desktop\recognition -v1.2\recognition\recognition\x64\debug\linesegment.obj
c:\users\user\desktop\recognition -v1.2\recognition\recognition\x64\debug\keyprint.obj
c:\users\user\desktop\recognition -v1.2\recognition\recognition\x64\debug\fingertracker.obj
c:\users\user\desktop\recognition -v1.2\recognition\recognition\x64\debug\bloblabeling.obj
c:\users\user\desktop\recognition -v1.2\recognition\recognition\x64\debug\1$recognizer.obj
c:\users\user\desktop\recognition -v1.2\recognition\recognition\x64\debug\main.obj
c:\users\user\desktop\recognition -v1.4\recognition\recognition\x64\debug\vc120.pdb
c:\users\user\desktop\recognition -v1.4\recognition\recognition\x64\debug\main.obj
c:\users\user\desktop\recognition -v1.4\recognition\recognition\x64\debug\patternmatch.obj
c:\users\user\desktop\recognition -v1.4\recognition\recognition\x64\debug\linesegment.obj
c:\users\user\desktop\recognition -v1.4\recognition\recognition\x64\debug\keyprint.obj
c:\users\user\desktop\recognition -v1.4\recognition\recognition\x64\debug\fingertracker.obj
c:\users\user\desktop\recognition -v1.4\recognition\recognition\x64\debug\bloblabeling.obj
c:\users\user\desktop\recognition -v1.4\recognition\recognition\x64\debug\1$recognizer.obj
c:\users\user\desktop\recognition -v1.5\recognition\recognition\x64\debug\vc120.pdb
c:\users\user\desktop\recognition -v1.5\recognition\recognition\x64\debug\main.obj
c:\users\user\desktop\recognition -v1.5\recognition\recognition\x64\debug\patternmatch.obj
c:\users\user\desktop\recognition -v1.5\recognition\recognition\x64\debug\linesegment.obj
c:\users\user\desktop\recognition -v1.5\recognition\recognition\x64\debug\keyprint.obj
c:\users\user\desktop\recognition -v1.5\recognition\recognition\x64\debug\fingertracker.obj
c:\users\user\desktop\recognition -v1.5\recognition\recognition\x64\debug\bloblabeling.obj
c:\users\user\desktop\recognition -v1.5\recognition\recognition\x64\debug\1$recognizer.obj
c:\users\user\desktop\recognition -v1.0\recognition\x64\debug\recognition.ilk
c:\users\user\desktop\recognition -v1.0\recognition\x64\debug\recognition.exe
c:\users\user\desktop\recognition -v1.0\recognition\x64\debug\recognition.pdb
c:\users\user\desktop\recognition -v1.2\recognition\x64\debug\recognition.ilk
c:\users\user\desktop\recognition -v1.2\recognition\x64\debug\recognition.exe
c:\users\user\desktop\recognition -v1.2\recognition\x64\debug\recognition.pdb
c:\users\user\desktop\recognition -v1.4\recognition\x64\debug\recognition.ilk
c:\users\user\desktop\recognition -v1.4\recognition\x64\debug\recognition.exe
c:\users\user\desktop\recognition -v1.4\recognition\x64\debug\recognition.pdb
c:\users\user\desktop\recognition -v1.5\recognition\x64\debug\recognition.ilk
c:\users\user\desktop\recognition -v1.5\recognition\x64\debug\recognition.exe
c:\users\user\desktop\recognition -v1.5\recognition\x64\debug\recognition.pdb
c:\users\user\desktop\recognition -v1.5\recognition\recognition\x64\debug\penkii.obj
c:\users\user\desktop\recognition -v1.5\recognition\recognition\x64\debug\vc120.idb
c:\users\user\desktop\recognition -v1.5\recognition\recognition\x64\debug\recognition.tlog\cl.command.1.tlog
c:\users\user\desktop\recognition -v1.5\recognition\recognition\x64\debug\recognition.tlog\cl.read.1.tlog
c:\users\user\desktop\recognition -v1.5\recognition\recognition\x64\debug\recognition.tlog\cl.write.1.tlog
c:\users\user\desktop\recognition -v1.5\recognition\recognition\x64\debug\recognition.tlog\link.command.1.tlog
c:\users\user\desktop\recognition -v1.5\recognition\recognition\x64\debug\recognition.tlog\link.read.1.tlog
c:\users\user\desktop\recognition -v1.5\recognition\recognition\x64\debug\recognition.tlog\link.write.1.tlog
